<?xml version="1.0" encoding="UTF-8"?>
<!-- Generated by org.testng.reporters.JUnitXMLReporter -->
<testsuite ignored="0" hostname="LAPTOP-ODIK6SBS" failures="0" tests="3" name="Default test" time="40.194" errors="0" timestamp="23 Nov 2023 02:25:23 GMT">
  <testcase classname="Tests.mainActivityPageTest" name="clickOnDropdownTest" time="10.01"/>
  <testcase classname="Tests.mainActivityPageTest" name="enterNameTest" time="2.002"/>
  <testcase classname="Tests.mainActivityPageTest" name="clickOnButtonTest" time="2.012"/>
</testsuite> <!-- Default test -->
