<?xml version="1.0" encoding="UTF-8"?>
<!-- Generated by org.testng.reporters.JUnitXMLReporter -->
<testsuite ignored="2" hostname="LAPTOP-ODIK6SBS" failures="0" tests="2" name="mainActivityPage" time="30.558" errors="0" timestamp="10 Dec 2023 17:26:48 GMT">
  <testcase classname="Tests.mainActivityPageTest" name="clickOnDropdownTest" time="23.747"/>
  <testcase classname="Tests.productPageTest" name="clickOnDropdownTest" time="6.785"/>
  <testcase classname="BaseFolder.driverSetup" name="@AfterSuite removeApp" time="0.0">
    <ignored/>
  </testcase> <!-- @AfterSuite removeApp -->
  <testcase classname="BaseFolder.driverSetup" name="@BeforeSuite setAndroiDriver" time="0.0">
    <ignored/>
  </testcase> <!-- @BeforeSuite setAndroiDriver -->
</testsuite> <!-- mainActivityPage -->
