<?xml version="1.0" encoding="UTF-8"?>
<testng-results ignored="0" total="1" passed="1" failed="0" skipped="0">
  <reporter-output>
  </reporter-output>
  <suite started-at="2023-11-24T01:00:14Z" name="General.apk" finished-at="2023-11-24T01:00:46Z" duration-ms="31780">
    <groups>
    </groups>
    <test started-at="2023-11-24T01:00:14Z" name="Test" finished-at="2023-11-24T01:00:46Z" duration-ms="31780">
      <class name="Tests.mainActivityPageTest">
        <test-method is-config="true" signature="getDriver()[pri:0, instance:Tests.mainActivityPageTest@120f102b]" started-at="2023-11-24T07:00:07Z" name="getDriver" finished-at="2023-11-24T07:00:14Z" duration-ms="7354" status="PASS">
          <reporter-output>
          </reporter-output>
        </test-method> <!-- getDriver -->
        <test-method signature="clickOnDropdownTest()[pri:0, instance:Tests.mainActivityPageTest@120f102b]" started-at="2023-11-24T07:00:14Z" name="clickOnDropdownTest" finished-at="2023-11-24T07:00:46Z" duration-ms="31768" status="PASS">
          <reporter-output>
          </reporter-output>
        </test-method> <!-- clickOnDropdownTest -->
        <test-method is-config="true" signature="removeApp()[pri:0, instance:Tests.mainActivityPageTest@120f102b]" started-at="2023-11-24T07:00:46Z" name="removeApp" finished-at="2023-11-24T07:00:53Z" duration-ms="6774" status="PASS">
          <reporter-output>
          </reporter-output>
        </test-method> <!-- removeApp -->
      </class> <!-- Tests.mainActivityPageTest -->
    </test> <!-- Test -->
  </suite> <!-- General.apk -->
</testng-results>
